d:\postgraduate\09_project\01_image\01_code\fog_sx\vs\detection\x64\debug\vc141.pdb
d:\postgraduate\09_project\01_image\01_code\fog_sx\vs\detection\x64\debug\vc141.idb
d:\postgraduate\09_project\01_image\01_code\fog_sx\vs\detection\x64\debug\main.obj
d:\postgraduate\09_project\01_image\01_code\fog_sx\vs_2\detection\x64\debug\vc141.pdb
d:\postgraduate\09_project\01_image\01_code\fog_sx\vs_2\detection\x64\debug\vc141.idb
d:\postgraduate\09_project\01_image\01_code\fog_sx\vs_2\detection\x64\debug\rt_nonfinite.obj
d:\postgraduate\09_project\01_image\01_code\fog_sx\vs_2\detection\x64\debug\rtgetnan.obj
d:\postgraduate\09_project\01_image\01_code\fog_sx\vs_2\detection\x64\debug\rtgetinf.obj
d:\postgraduate\09_project\01_image\01_code\fog_sx\vs_2\detection\x64\debug\main.obj
d:\postgraduate\09_project\01_image\01_code\fog_sx\vs_2\detection\x64\debug\filterregions_emxutil.obj
d:\postgraduate\09_project\01_image\01_code\fog_sx\vs_2\detection\x64\debug\filterregions_emxapi.obj
d:\postgraduate\09_project\01_image\01_code\fog_sx\vs_2\detection\x64\debug\filterregions.obj
d:\postgraduate\09_project\01_image\01_code\fog_sx\vs_marke\detection\x64\debug\vc141.pdb
d:\postgraduate\09_project\01_image\01_code\fog_sx\vs_marke\detection\x64\debug\vc141.idb
d:\postgraduate\09_project\01_image\01_code\fog_sx\vs_marke\detection\x64\debug\main.obj
d:\postgraduate\09_project\01_image\01_code\fog_sx\vs\x64\debug\detection.exe
d:\postgraduate\09_project\01_image\01_code\fog_sx\vs\x64\debug\detection.ilk
d:\postgraduate\09_project\01_image\01_code\fog_sx\vs\x64\debug\detection.pdb
d:\postgraduate\09_project\01_image\01_code\fog_sx\vs_2\x64\debug\detection.exe
d:\postgraduate\09_project\01_image\01_code\fog_sx\vs_2\x64\debug\detection.ilk
d:\postgraduate\09_project\01_image\01_code\fog_sx\vs_2\x64\debug\detection.pdb
d:\postgraduate\09_project\01_image\01_code\fog_sx\vs_marke\x64\debug\detection.exe
d:\postgraduate\09_project\01_image\01_code\fog_sx\vs_marke\x64\debug\detection.ilk
d:\postgraduate\09_project\01_image\01_code\fog_sx\vs_marke\x64\debug\detection.pdb
d:\postgraduate\09_project\01_image\01_code\fog_sx\vs_marke\detection\x64\debug\filterregions.obj
d:\postgraduate\09_project\01_image\01_code\fog_sx\vs_marke\detection\x64\debug\filterregions_emxapi.obj
d:\postgraduate\09_project\01_image\01_code\fog_sx\vs_marke\detection\x64\debug\filterregions_emxutil.obj
d:\postgraduate\09_project\01_image\01_code\fog_sx\vs_marke\detection\x64\debug\rtgetinf.obj
d:\postgraduate\09_project\01_image\01_code\fog_sx\vs_marke\detection\x64\debug\rtgetnan.obj
d:\postgraduate\09_project\01_image\01_code\fog_sx\vs_marke\detection\x64\debug\rt_nonfinite.obj
d:\postgraduate\09_project\01_image\01_code\fog_sx\vs_marke\detection\x64\debug\detection.tlog\cl.command.1.tlog
d:\postgraduate\09_project\01_image\01_code\fog_sx\vs_marke\detection\x64\debug\detection.tlog\cl.read.1.tlog
d:\postgraduate\09_project\01_image\01_code\fog_sx\vs_marke\detection\x64\debug\detection.tlog\cl.write.1.tlog
d:\postgraduate\09_project\01_image\01_code\fog_sx\vs_marke\detection\x64\debug\detection.tlog\link.command.1.tlog
d:\postgraduate\09_project\01_image\01_code\fog_sx\vs_marke\detection\x64\debug\detection.tlog\link.read.1.tlog
d:\postgraduate\09_project\01_image\01_code\fog_sx\vs_marke\detection\x64\debug\detection.tlog\link.write.1.tlog
